{"/Users/liseidy/Documents/Coding-Projects/homecooked/homecooked-backend/src/config/config.ts": {"path":"/Users/liseidy/Documents/Coding-Projects/homecooked/homecooked-backend/src/config/config.ts","statementMap":{"0":{"start":{"line":1,"column":0},"end":{"line":1,"column":27}},"1":{"start":{"line":13,"column":13},"end":{"line":19,"column":2}},"2":{"start":{"line":21,"column":13},"end":{"line":27,"column":2}},"3":{"start":{"line":29,"column":13},"end":{"line":35,"column":2}}},"fnMap":{},"branchMap":{"0":{"loc":{"start":{"line":18,"column":12},"end":{"line":18,"column":60}},"type":"binary-expr","locations":[{"start":{"line":18,"column":12},"end":{"line":18,"column":46}},{"start":{"line":18,"column":50},"end":{"line":18,"column":60}}]},"1":{"loc":{"start":{"line":22,"column":12},"end":{"line":22,"column":61}},"type":"binary-expr","locations":[{"start":{"line":22,"column":12},"end":{"line":22,"column":36}},{"start":{"line":22,"column":40},"end":{"line":22,"column":61}}]},"2":{"loc":{"start":{"line":23,"column":12},"end":{"line":23,"column":57}},"type":"binary-expr","locations":[{"start":{"line":23,"column":12},"end":{"line":23,"column":36}},{"start":{"line":23,"column":40},"end":{"line":23,"column":57}}]},"3":{"loc":{"start":{"line":24,"column":12},"end":{"line":24,"column":65}},"type":"binary-expr","locations":[{"start":{"line":24,"column":12},"end":{"line":24,"column":40}},{"start":{"line":24,"column":44},"end":{"line":24,"column":65}}]},"4":{"loc":{"start":{"line":25,"column":8},"end":{"line":25,"column":47}},"type":"binary-expr","locations":[{"start":{"line":25,"column":8},"end":{"line":25,"column":32}},{"start":{"line":25,"column":36},"end":{"line":25,"column":47}}]},"5":{"loc":{"start":{"line":26,"column":12},"end":{"line":26,"column":65}},"type":"binary-expr","locations":[{"start":{"line":26,"column":12},"end":{"line":26,"column":51}},{"start":{"line":26,"column":55},"end":{"line":26,"column":65}}]},"6":{"loc":{"start":{"line":34,"column":12},"end":{"line":34,"column":65}},"type":"binary-expr","locations":[{"start":{"line":34,"column":12},"end":{"line":34,"column":51}},{"start":{"line":34,"column":55},"end":{"line":34,"column":65}}]}},"s":{"0":6,"1":6,"2":6,"3":6},"f":{},"b":{"0":[6,0],"1":[6,6],"2":[6,6],"3":[6,6],"4":[6,6],"5":[6,6],"6":[6,0]}}
,"/Users/liseidy/Documents/Coding-Projects/homecooked/homecooked-backend/src/config/db.ts": {"path":"/Users/liseidy/Documents/Coding-Projects/homecooked/homecooked-backend/src/config/db.ts","statementMap":{"0":{"start":{"line":1,"column":0},"end":{"line":1,"column":23}},"1":{"start":{"line":3,"column":0},"end":{"line":3,"column":49}},"2":{"start":{"line":4,"column":12},"end":{"line":4,"column":49}},"3":{"start":{"line":5,"column":0},"end":{"line":5,"column":51}},"4":{"start":{"line":7,"column":13},"end":{"line":9,"column":2}},"5":{"start":{"line":11,"column":25},"end":{"line":18,"column":1}},"6":{"start":{"line":12,"column":2},"end":{"line":17,"column":null}},"7":{"start":{"line":13,"column":4},"end":{"line":13,"column":28}},"8":{"start":{"line":14,"column":4},"end":{"line":14,"column":41}},"9":{"start":{"line":16,"column":4},"end":{"line":16,"column":46}},"10":{"start":{"line":11,"column":13},"end":{"line":11,"column":25}}},"fnMap":{"0":{"name":"(anonymous_0)","decl":{"start":{"line":11,"column":25},"end":{"line":11,"column":30}},"loc":{"start":{"line":11,"column":36},"end":{"line":18,"column":1}}}},"branchMap":{"0":{"loc":{"start":{"line":4,"column":12},"end":{"line":4,"column":49}},"type":"binary-expr","locations":[{"start":{"line":4,"column":12},"end":{"line":4,"column":32}},{"start":{"line":4,"column":36},"end":{"line":4,"column":49}}]},"1":{"loc":{"start":{"line":8,"column":2},"end":{"line":8,"column":49}},"type":"cond-expr","locations":[{"start":{"line":8,"column":25},"end":{"line":8,"column":35}},{"start":{"line":8,"column":38},"end":{"line":8,"column":49}}]}},"s":{"0":6,"1":6,"2":6,"3":6,"4":6,"5":6,"6":0,"7":0,"8":0,"9":0,"10":6},"f":{"0":0},"b":{"0":[6,0],"1":[0,6]}}
,"/Users/liseidy/Documents/Coding-Projects/homecooked/homecooked-backend/src/controllers/authController.ts": {"path":"/Users/liseidy/Documents/Coding-Projects/homecooked/homecooked-backend/src/controllers/authController.ts","statementMap":{"0":{"start":{"line":2,"column":0},"end":{"line":2,"column":50}},"1":{"start":{"line":4,"column":39},"end":{"line":9,"column":1}},"2":{"start":{"line":5,"column":38},"end":{"line":6,"column":null}},"3":{"start":{"line":8,"column":2},"end":{"line":8,"column":37}},"4":{"start":{"line":20,"column":34},"end":{"line":20,"column":64}},"5":{"start":{"line":11,"column":32},"end":{"line":18,"column":1}},"6":{"start":{"line":12,"column":31},"end":{"line":15,"column":null}},"7":{"start":{"line":17,"column":2},"end":{"line":17,"column":30}},"8":{"start":{"line":20,"column":9},"end":{"line":20,"column":32}}},"fnMap":{"0":{"name":"(anonymous_1)","decl":{"start":{"line":4,"column":39},"end":{"line":4,"column":44}},"loc":{"start":{"line":4,"column":62},"end":{"line":9,"column":1}}},"1":{"name":"(anonymous_2)","decl":{"start":{"line":11,"column":32},"end":{"line":11,"column":37}},"loc":{"start":{"line":11,"column":55},"end":{"line":18,"column":1}}}},"branchMap":{},"s":{"0":1,"1":1,"2":0,"3":0,"4":1,"5":1,"6":0,"7":0,"8":1},"f":{"0":0,"1":0},"b":{}}
,"/Users/liseidy/Documents/Coding-Projects/homecooked/homecooked-backend/src/controllers/userController.ts": {"path":"/Users/liseidy/Documents/Coding-Projects/homecooked/homecooked-backend/src/controllers/userController.ts","statementMap":{"0":{"start":{"line":1,"column":0},"end":{"line":1,"column":55}},"1":{"start":{"line":2,"column":0},"end":{"line":2,"column":28}},"2":{"start":{"line":5,"column":16},"end":{"line":5,"column":26}},"3":{"start":{"line":7,"column":2},"end":{"line":28,"column":null}},"4":{"start":{"line":8,"column":20},"end":{"line":12,"column":6}},"5":{"start":{"line":14,"column":4},"end":{"line":24,"column":null}},"6":{"start":{"line":15,"column":6},"end":{"line":15,"column":18}},"7":{"start":{"line":17,"column":6},"end":{"line":22,"column":27}},"8":{"start":{"line":23,"column":6},"end":{"line":23,"column":19}},"9":{"start":{"line":26,"column":4},"end":{"line":26,"column":46}},"10":{"start":{"line":27,"column":4},"end":{"line":27,"column":17}},"11":{"start":{"line":32,"column":2},"end":{"line":47,"column":null}},"12":{"start":{"line":33,"column":17},"end":{"line":37,"column":6}},"13":{"start":{"line":39,"column":4},"end":{"line":43,"column":null}},"14":{"start":{"line":40,"column":6},"end":{"line":40,"column":18}},"15":{"start":{"line":42,"column":6},"end":{"line":42,"column":19}},"16":{"start":{"line":45,"column":4},"end":{"line":45,"column":50}},"17":{"start":{"line":46,"column":4},"end":{"line":46,"column":17}},"18":{"start":{"line":51,"column":2},"end":{"line":66,"column":null}},"19":{"start":{"line":52,"column":17},"end":{"line":56,"column":6}},"20":{"start":{"line":58,"column":4},"end":{"line":62,"column":null}},"21":{"start":{"line":59,"column":6},"end":{"line":59,"column":57}},"22":{"start":{"line":61,"column":6},"end":{"line":61,"column":19}},"23":{"start":{"line":64,"column":4},"end":{"line":64,"column":50}},"24":{"start":{"line":65,"column":4},"end":{"line":65,"column":17}},"25":{"start":{"line":70,"column":2},"end":{"line":95,"column":null}},"26":{"start":{"line":71,"column":17},"end":{"line":75,"column":6}},"27":{"start":{"line":77,"column":4},"end":{"line":88,"column":null}},"28":{"start":{"line":78,"column":6},"end":{"line":81,"column":8}},"29":{"start":{"line":83,"column":6},"end":{"line":87,"column":8}},"30":{"start":{"line":90,"column":4},"end":{"line":90,"column":50}},"31":{"start":{"line":91,"column":4},"end":{"line":94,"column":6}},"32":{"start":{"line":98,"column":0},"end":{"line":98,"column":64}}},"fnMap":{"0":{"name":"createUser","decl":{"start":{"line":4,"column":15},"end":{"line":4,"column":25}},"loc":{"start":{"line":4,"column":36},"end":{"line":29,"column":1}}},"1":{"name":"getEmail","decl":{"start":{"line":31,"column":15},"end":{"line":31,"column":23}},"loc":{"start":{"line":31,"column":37},"end":{"line":48,"column":1}}},"2":{"name":"checkPassword","decl":{"start":{"line":50,"column":15},"end":{"line":50,"column":28}},"loc":{"start":{"line":50,"column":60},"end":{"line":67,"column":1}}},"3":{"name":"getUser","decl":{"start":{"line":69,"column":15},"end":{"line":69,"column":22}},"loc":{"start":{"line":69,"column":36},"end":{"line":96,"column":1}}}},"branchMap":{"0":{"loc":{"start":{"line":14,"column":4},"end":{"line":24,"column":null}},"type":"if","locations":[{"start":{"line":14,"column":4},"end":{"line":24,"column":null}},{"start":{"line":16,"column":11},"end":{"line":24,"column":null}}]},"1":{"loc":{"start":{"line":39,"column":4},"end":{"line":43,"column":null}},"type":"if","locations":[{"start":{"line":39,"column":4},"end":{"line":43,"column":null}},{"start":{"line":41,"column":11},"end":{"line":43,"column":null}}]},"2":{"loc":{"start":{"line":58,"column":4},"end":{"line":62,"column":null}},"type":"if","locations":[{"start":{"line":58,"column":4},"end":{"line":62,"column":null}},{"start":{"line":60,"column":11},"end":{"line":62,"column":null}}]},"3":{"loc":{"start":{"line":77,"column":4},"end":{"line":88,"column":null}},"type":"if","locations":[{"start":{"line":77,"column":4},"end":{"line":88,"column":null}},{"start":{"line":82,"column":11},"end":{"line":88,"column":null}}]}},"s":{"0":2,"1":2,"2":0,"3":0,"4":0,"5":0,"6":0,"7":0,"8":0,"9":0,"10":0,"11":0,"12":0,"13":0,"14":0,"15":0,"16":0,"17":0,"18":0,"19":0,"20":0,"21":0,"22":0,"23":0,"24":0,"25":0,"26":0,"27":0,"28":0,"29":0,"30":0,"31":0,"32":2},"f":{"0":0,"1":0,"2":0,"3":0},"b":{"0":[0,0],"1":[0,0],"2":[0,0],"3":[0,0]}}
,"/Users/liseidy/Documents/Coding-Projects/homecooked/homecooked-backend/src/models/Tokens.ts": {"path":"/Users/liseidy/Documents/Coding-Projects/homecooked/homecooked-backend/src/models/Tokens.ts","statementMap":{"0":{"start":{"line":1,"column":0},"end":{"line":1,"column":34}},"1":{"start":{"line":2,"column":0},"end":{"line":2,"column":45}},"2":{"start":{"line":18,"column":0},"end":{"line":44,"column":2}},"3":{"start":{"line":46,"column":0},"end":{"line":54,"column":null}},"4":{"start":{"line":47,"column":2},"end":{"line":53,"column":7}},"5":{"start":{"line":49,"column":6},"end":{"line":49,"column":44}},"6":{"start":{"line":52,"column":6},"end":{"line":52,"column":57}},"7":{"start":{"line":56,"column":0},"end":{"line":56,"column":21}}},"fnMap":{"0":{"name":"(anonymous_0)","decl":{"start":{"line":48,"column":10},"end":{"line":48,"column":13}},"loc":{"start":{"line":48,"column":15},"end":{"line":50,"column":5}}},"1":{"name":"(anonymous_1)","decl":{"start":{"line":51,"column":11},"end":{"line":51,"column":12}},"loc":{"start":{"line":51,"column":21},"end":{"line":53,"column":5}}}},"branchMap":{"0":{"loc":{"start":{"line":46,"column":0},"end":{"line":54,"column":null}},"type":"if","locations":[{"start":{"line":46,"column":0},"end":{"line":54,"column":null}}]}},"s":{"0":3,"1":3,"2":3,"3":3,"4":0,"5":0,"6":0,"7":3},"f":{"0":0,"1":0},"b":{"0":[0]}}
,"/Users/liseidy/Documents/Coding-Projects/homecooked/homecooked-backend/src/models/Users.ts": {"path":"/Users/liseidy/Documents/Coding-Projects/homecooked/homecooked-backend/src/models/Users.ts","statementMap":{"0":{"start":{"line":1,"column":0},"end":{"line":1,"column":34}},"1":{"start":{"line":2,"column":0},"end":{"line":2,"column":45}},"2":{"start":{"line":3,"column":0},"end":{"line":3,"column":28}},"3":{"start":{"line":25,"column":4},"end":{"line":74,"column":6}},"4":{"start":{"line":58,"column":12},"end":{"line":61,"column":null}},"5":{"start":{"line":59,"column":27},"end":{"line":59,"column":54}},"6":{"start":{"line":60,"column":14},"end":{"line":60,"column":67}},"7":{"start":{"line":64,"column":12},"end":{"line":67,"column":null}},"8":{"start":{"line":65,"column":27},"end":{"line":65,"column":54}},"9":{"start":{"line":66,"column":14},"end":{"line":66,"column":67}},"10":{"start":{"line":76,"column":4},"end":{"line":84,"column":null}},"11":{"start":{"line":77,"column":6},"end":{"line":83,"column":11}},"12":{"start":{"line":79,"column":10},"end":{"line":79,"column":47}},"13":{"start":{"line":82,"column":10},"end":{"line":82,"column":60}},"14":{"start":{"line":88,"column":4},"end":{"line":88,"column":55}},"15":{"start":{"line":92,"column":0},"end":{"line":92,"column":20}}},"fnMap":{"0":{"name":"(anonymous_1)","decl":{"start":{"line":24,"column":2},"end":{"line":24,"column":8}},"loc":{"start":{"line":24,"column":19},"end":{"line":85,"column":3}}},"1":{"name":"(anonymous_2)","decl":{"start":{"line":57,"column":24},"end":{"line":57,"column":29}},"loc":{"start":{"line":57,"column":45},"end":{"line":62,"column":11}}},"2":{"name":"(anonymous_3)","decl":{"start":{"line":63,"column":24},"end":{"line":63,"column":29}},"loc":{"start":{"line":63,"column":45},"end":{"line":68,"column":11}}},"3":{"name":"(anonymous_4)","decl":{"start":{"line":78,"column":14},"end":{"line":78,"column":17}},"loc":{"start":{"line":78,"column":19},"end":{"line":80,"column":9}}},"4":{"name":"(anonymous_5)","decl":{"start":{"line":81,"column":15},"end":{"line":81,"column":16}},"loc":{"start":{"line":81,"column":25},"end":{"line":83,"column":9}}},"5":{"name":"(anonymous_6)","decl":{"start":{"line":87,"column":2},"end":{"line":87,"column":15}},"loc":{"start":{"line":87,"column":32},"end":{"line":89,"column":3}}}},"branchMap":{"0":{"loc":{"start":{"line":58,"column":12},"end":{"line":61,"column":null}},"type":"if","locations":[{"start":{"line":58,"column":12},"end":{"line":61,"column":null}}]},"1":{"loc":{"start":{"line":64,"column":12},"end":{"line":67,"column":null}},"type":"if","locations":[{"start":{"line":64,"column":12},"end":{"line":67,"column":null}}]},"2":{"loc":{"start":{"line":76,"column":4},"end":{"line":84,"column":null}},"type":"if","locations":[{"start":{"line":76,"column":4},"end":{"line":84,"column":null}}]}},"s":{"0":4,"1":4,"2":4,"3":0,"4":0,"5":0,"6":0,"7":0,"8":0,"9":0,"10":0,"11":0,"12":0,"13":0,"14":0,"15":4},"f":{"0":0,"1":0,"2":0,"3":0,"4":0,"5":0},"b":{"0":[0],"1":[0],"2":[0]}}
,"/Users/liseidy/Documents/Coding-Projects/homecooked/homecooked-backend/src/routers/loginRouter.ts": {"path":"/Users/liseidy/Documents/Coding-Projects/homecooked/homecooked-backend/src/routers/loginRouter.ts","statementMap":{"0":{"start":{"line":1,"column":0},"end":{"line":1,"column":61}},"1":{"start":{"line":2,"column":0},"end":{"line":2,"column":59}},"2":{"start":{"line":4,"column":28},"end":{"line":4,"column":44}},"3":{"start":{"line":7,"column":0},"end":{"line":34,"column":3}},"4":{"start":{"line":8,"column":15},"end":{"line":8,"column":28}},"5":{"start":{"line":10,"column":25},"end":{"line":10,"column":66}},"6":{"start":{"line":12,"column":2},"end":{"line":33,"column":null}},"7":{"start":{"line":13,"column":30},"end":{"line":15,"column":null}},"8":{"start":{"line":18,"column":4},"end":{"line":28,"column":null}},"9":{"start":{"line":19,"column":6},"end":{"line":22,"column":9}},"10":{"start":{"line":24,"column":6},"end":{"line":27,"column":9}},"11":{"start":{"line":30,"column":4},"end":{"line":32,"column":7}},"12":{"start":{"line":36,"column":0},"end":{"line":36,"column":27}}},"fnMap":{"0":{"name":"(anonymous_1)","decl":{"start":{"line":7,"column":22},"end":{"line":7,"column":27}},"loc":{"start":{"line":7,"column":60},"end":{"line":34,"column":1}}}},"branchMap":{"0":{"loc":{"start":{"line":12,"column":2},"end":{"line":33,"column":null}},"type":"if","locations":[{"start":{"line":12,"column":2},"end":{"line":33,"column":null}},{"start":{"line":29,"column":9},"end":{"line":33,"column":null}}]},"1":{"loc":{"start":{"line":18,"column":4},"end":{"line":28,"column":null}},"type":"if","locations":[{"start":{"line":18,"column":4},"end":{"line":28,"column":null}},{"start":{"line":23,"column":11},"end":{"line":28,"column":null}}]}},"s":{"0":1,"1":1,"2":1,"3":1,"4":3,"5":3,"6":3,"7":2,"8":2,"9":1,"10":1,"11":1,"12":1},"f":{"0":3},"b":{"0":[2,1],"1":[1,1]}}
,"/Users/liseidy/Documents/Coding-Projects/homecooked/homecooked-backend/src/routers/requestPasswordRouter.ts": {"path":"/Users/liseidy/Documents/Coding-Projects/homecooked/homecooked-backend/src/routers/requestPasswordRouter.ts","statementMap":{"0":{"start":{"line":1,"column":0},"end":{"line":1,"column":61}},"1":{"start":{"line":2,"column":0},"end":{"line":2,"column":null}},"2":{"start":{"line":7,"column":38},"end":{"line":7,"column":54}},"3":{"start":{"line":28,"column":9},"end":{"line":28,"column":30}},"4":{"start":{"line":8,"column":36},"end":{"line":8,"column":52}},"5":{"start":{"line":28,"column":32},"end":{"line":28,"column":51}},"6":{"start":{"line":10,"column":0},"end":{"line":17,"column":3}},"7":{"start":{"line":11,"column":2},"end":{"line":16,"column":null}},"8":{"start":{"line":12,"column":21},"end":{"line":12,"column":62}},"9":{"start":{"line":13,"column":4},"end":{"line":13,"column":35}},"10":{"start":{"line":15,"column":4},"end":{"line":15,"column":58}},"11":{"start":{"line":19,"column":0},"end":{"line":26,"column":3}},"12":{"start":{"line":20,"column":2},"end":{"line":25,"column":null}},"13":{"start":{"line":21,"column":21},"end":{"line":21,"column":55}},"14":{"start":{"line":22,"column":4},"end":{"line":22,"column":35}},"15":{"start":{"line":24,"column":4},"end":{"line":24,"column":58}}},"fnMap":{"0":{"name":"(anonymous_1)","decl":{"start":{"line":10,"column":32},"end":{"line":10,"column":37}},"loc":{"start":{"line":10,"column":70},"end":{"line":17,"column":1}}},"1":{"name":"(anonymous_2)","decl":{"start":{"line":19,"column":30},"end":{"line":19,"column":35}},"loc":{"start":{"line":19,"column":68},"end":{"line":26,"column":1}}}},"branchMap":{},"s":{"0":1,"1":1,"2":1,"3":1,"4":1,"5":1,"6":1,"7":2,"8":2,"9":1,"10":1,"11":1,"12":2,"13":2,"14":1,"15":1},"f":{"0":2,"1":2},"b":{}}
,"/Users/liseidy/Documents/Coding-Projects/homecooked/homecooked-backend/src/routers/signupRouter.ts": {"path":"/Users/liseidy/Documents/Coding-Projects/homecooked/homecooked-backend/src/routers/signupRouter.ts","statementMap":{"0":{"start":{"line":1,"column":0},"end":{"line":1,"column":61}},"1":{"start":{"line":2,"column":0},"end":{"line":2,"column":59}},"2":{"start":{"line":4,"column":29},"end":{"line":4,"column":45}},"3":{"start":{"line":7,"column":0},"end":{"line":13,"column":3}},"4":{"start":{"line":8,"column":15},"end":{"line":8,"column":28}},"5":{"start":{"line":10,"column":20},"end":{"line":10,"column":57}},"6":{"start":{"line":12,"column":2},"end":{"line":12,"column":50}},"7":{"start":{"line":15,"column":0},"end":{"line":15,"column":28}}},"fnMap":{"0":{"name":"(anonymous_1)","decl":{"start":{"line":7,"column":23},"end":{"line":7,"column":28}},"loc":{"start":{"line":7,"column":61},"end":{"line":13,"column":1}}}},"branchMap":{},"s":{"0":1,"1":1,"2":1,"3":1,"4":2,"5":2,"6":2,"7":1},"f":{"0":2},"b":{}}
,"/Users/liseidy/Documents/Coding-Projects/homecooked/homecooked-backend/src/services/authService.ts": {"path":"/Users/liseidy/Documents/Coding-Projects/homecooked/homecooked-backend/src/services/authService.ts","statementMap":{"0":{"start":{"line":1,"column":0},"end":{"line":1,"column":35}},"1":{"start":{"line":2,"column":0},"end":{"line":2,"column":58}},"2":{"start":{"line":3,"column":0},"end":{"line":3,"column":28}},"3":{"start":{"line":4,"column":0},"end":{"line":4,"column":28}},"4":{"start":{"line":5,"column":0},"end":{"line":5,"column":50}},"5":{"start":{"line":8,"column":27},"end":{"line":8,"column":79}},"6":{"start":{"line":10,"column":2},"end":{"line":12,"column":null}},"7":{"start":{"line":11,"column":4},"end":{"line":11,"column":64}},"8":{"start":{"line":14,"column":18},"end":{"line":14,"column":71}},"9":{"start":{"line":16,"column":2},"end":{"line":18,"column":null}},"10":{"start":{"line":17,"column":4},"end":{"line":17,"column":64}},"11":{"start":{"line":20,"column":22},"end":{"line":24,"column":4}},"12":{"start":{"line":26,"column":2},"end":{"line":26,"column":35}},"13":{"start":{"line":27,"column":2},"end":{"line":27,"column":22}},"14":{"start":{"line":29,"column":2},"end":{"line":38,"column":null}},"15":{"start":{"line":30,"column":4},"end":{"line":35,"column":6}},"16":{"start":{"line":37,"column":4},"end":{"line":37,"column":23}},"17":{"start":{"line":40,"column":2},"end":{"line":40,"column":37}},"18":{"start":{"line":42,"column":2},"end":{"line":42,"column":14}},"19":{"start":{"line":46,"column":15},"end":{"line":50,"column":4}},"20":{"start":{"line":52,"column":2},"end":{"line":54,"column":null}},"21":{"start":{"line":53,"column":4},"end":{"line":53,"column":43}},"22":{"start":{"line":56,"column":14},"end":{"line":60,"column":4}},"23":{"start":{"line":62,"column":2},"end":{"line":68,"column":null}},"24":{"start":{"line":63,"column":4},"end":{"line":67,"column":7}},"25":{"start":{"line":70,"column":19},"end":{"line":70,"column":57}},"26":{"start":{"line":72,"column":15},"end":{"line":72,"column":48}},"27":{"start":{"line":74,"column":22},"end":{"line":74,"column":32}},"28":{"start":{"line":76,"column":18},"end":{"line":76,"column":66}},"29":{"start":{"line":78,"column":2},"end":{"line":82,"column":24}},"30":{"start":{"line":84,"column":14},"end":{"line":84,"column":51}},"31":{"start":{"line":87,"column":4},"end":{"line":89,"column":35}},"32":{"start":{"line":91,"column":15},"end":{"line":91,"column":80}},"33":{"start":{"line":93,"column":2},"end":{"line":103,"column":null}},"34":{"start":{"line":94,"column":4},"end":{"line":99,"column":6}},"35":{"start":{"line":101,"column":4},"end":{"line":101,"column":48}},"36":{"start":{"line":105,"column":2},"end":{"line":105,"column":14}},"37":{"start":{"line":108,"column":0},"end":{"line":108,"column":55}}},"fnMap":{"0":{"name":"resetPassword","decl":{"start":{"line":7,"column":15},"end":{"line":7,"column":28}},"loc":{"start":{"line":7,"column":75},"end":{"line":43,"column":1}}},"1":{"name":"requestPasswordReset","decl":{"start":{"line":45,"column":15},"end":{"line":45,"column":35}},"loc":{"start":{"line":45,"column":49},"end":{"line":106,"column":1}}}},"branchMap":{"0":{"loc":{"start":{"line":10,"column":2},"end":{"line":12,"column":null}},"type":"if","locations":[{"start":{"line":10,"column":2},"end":{"line":12,"column":null}}]},"1":{"loc":{"start":{"line":16,"column":2},"end":{"line":18,"column":null}},"type":"if","locations":[{"start":{"line":16,"column":2},"end":{"line":18,"column":null}}]},"2":{"loc":{"start":{"line":27,"column":2},"end":{"line":27,"column":21}},"type":"cond-expr","locations":[{"start":{"line":27,"column":13},"end":{"line":27,"column":15}},{"start":{"line":27,"column":2},"end":{"line":27,"column":21}}]},"3":{"loc":{"start":{"line":27,"column":2},"end":{"line":27,"column":15}},"type":"binary-expr","locations":[{"start":{"line":27,"column":2},"end":{"line":27,"column":15}},{"start":{"line":27,"column":2},"end":{"line":27,"column":15}}]},"4":{"loc":{"start":{"line":33,"column":14},"end":{"line":33,"column":36}},"type":"cond-expr","locations":[{"start":{"line":33,"column":25},"end":{"line":33,"column":27}},{"start":{"line":33,"column":14},"end":{"line":33,"column":36}}]},"5":{"loc":{"start":{"line":33,"column":14},"end":{"line":33,"column":27}},"type":"binary-expr","locations":[{"start":{"line":33,"column":14},"end":{"line":33,"column":27}},{"start":{"line":33,"column":14},"end":{"line":33,"column":27}}]},"6":{"loc":{"start":{"line":52,"column":2},"end":{"line":54,"column":null}},"type":"if","locations":[{"start":{"line":52,"column":2},"end":{"line":54,"column":null}}]},"7":{"loc":{"start":{"line":62,"column":2},"end":{"line":68,"column":null}},"type":"if","locations":[{"start":{"line":62,"column":2},"end":{"line":68,"column":null}}]},"8":{"loc":{"start":{"line":84,"column":14},"end":{"line":84,"column":51}},"type":"binary-expr","locations":[{"start":{"line":84,"column":14},"end":{"line":84,"column":34}},{"start":{"line":84,"column":38},"end":{"line":84,"column":51}}]},"9":{"loc":{"start":{"line":87,"column":4},"end":{"line":89,"column":35}},"type":"cond-expr","locations":[{"start":{"line":88,"column":8},"end":{"line":88,"column":34}},{"start":{"line":89,"column":8},"end":{"line":89,"column":35}}]}},"s":{"0":2,"1":2,"2":2,"3":2,"4":2,"5":3,"6":3,"7":1,"8":2,"9":2,"10":1,"11":1,"12":1,"13":1,"14":1,"15":1,"16":0,"17":1,"18":1,"19":2,"20":2,"21":1,"22":1,"23":1,"24":1,"25":1,"26":1,"27":1,"28":1,"29":1,"30":1,"31":1,"32":1,"33":1,"34":1,"35":0,"36":1,"37":2},"f":{"0":3,"1":2},"b":{"0":[1],"1":[1],"2":[0,1],"3":[1,1],"4":[0,1],"5":[1,1],"6":[1],"7":[1],"8":[1,0],"9":[0,1]}}
,"/Users/liseidy/Documents/Coding-Projects/homecooked/homecooked-backend/src/utils/resetToken.ts": {"path":"/Users/liseidy/Documents/Coding-Projects/homecooked/homecooked-backend/src/utils/resetToken.ts","statementMap":{"0":{"start":{"line":1,"column":0},"end":{"line":1,"column":58}},"1":{"start":{"line":3,"column":35},"end":{"line":14,"column":1}},"2":{"start":{"line":5,"column":4},"end":{"line":5,"column":68}},"3":{"start":{"line":6,"column":14},"end":{"line":6,"column":16}},"4":{"start":{"line":8,"column":2},"end":{"line":11,"column":null}},"5":{"start":{"line":8,"column":15},"end":{"line":8,"column":16}},"6":{"start":{"line":9,"column":24},"end":{"line":9,"column":69}},"7":{"start":{"line":10,"column":4},"end":{"line":10,"column":44}},"8":{"start":{"line":13,"column":2},"end":{"line":13,"column":15}},"9":{"start":{"line":3,"column":13},"end":{"line":3,"column":35}},"10":{"start":{"line":16,"column":34},"end":{"line":27,"column":1}},"11":{"start":{"line":17,"column":21},"end":{"line":17,"column":31}},"12":{"start":{"line":18,"column":2},"end":{"line":18,"column":49}},"13":{"start":{"line":20,"column":16},"end":{"line":24,"column":23}},"14":{"start":{"line":26,"column":2},"end":{"line":26,"column":15}},"15":{"start":{"line":16,"column":13},"end":{"line":16,"column":34}}},"fnMap":{"0":{"name":"(anonymous_1)","decl":{"start":{"line":3,"column":35},"end":{"line":3,"column":36}},"loc":{"start":{"line":3,"column":67},"end":{"line":14,"column":1}}},"1":{"name":"(anonymous_2)","decl":{"start":{"line":16,"column":34},"end":{"line":16,"column":39}},"loc":{"start":{"line":16,"column":78},"end":{"line":27,"column":1}}}},"branchMap":{"0":{"loc":{"start":{"line":3,"column":36},"end":{"line":3,"column":55}},"type":"default-arg","locations":[{"start":{"line":3,"column":53},"end":{"line":3,"column":55}}]}},"s":{"0":1,"1":1,"2":3,"3":3,"4":3,"5":3,"6":80,"7":80,"8":3,"9":1,"10":1,"11":1,"12":1,"13":1,"14":1,"15":1},"f":{"0":3,"1":1},"b":{"0":[2]}}
,"/Users/liseidy/Documents/Coding-Projects/homecooked/homecooked-backend/src/utils/emails/sendEmail.ts": {"path":"/Users/liseidy/Documents/Coding-Projects/homecooked/homecooked-backend/src/utils/emails/sendEmail.ts","statementMap":{"0":{"start":{"line":1,"column":0},"end":{"line":1,"column":53}},"1":{"start":{"line":2,"column":0},"end":{"line":2,"column":36}},"2":{"start":{"line":3,"column":0},"end":{"line":3,"column":20}},"3":{"start":{"line":4,"column":0},"end":{"line":4,"column":24}},"4":{"start":{"line":5,"column":0},"end":{"line":5,"column":28}},"5":{"start":{"line":7,"column":0},"end":{"line":7,"column":16}},"6":{"start":{"line":9,"column":18},"end":{"line":47,"column":1}},"7":{"start":{"line":15,"column":2},"end":{"line":46,"column":null}},"8":{"start":{"line":16,"column":37},"end":{"line":22,"column":6}},"9":{"start":{"line":24,"column":21},"end":{"line":24,"column":55}},"10":{"start":{"line":25,"column":19},"end":{"line":25,"column":53}},"11":{"start":{"line":27,"column":29},"end":{"line":27,"column":55}},"12":{"start":{"line":29,"column":20},"end":{"line":34,"column":6}},"13":{"start":{"line":37,"column":17},"end":{"line":37,"column":52}},"14":{"start":{"line":39,"column":4},"end":{"line":43,"column":null}},"15":{"start":{"line":40,"column":6},"end":{"line":40,"column":39}},"16":{"start":{"line":42,"column":6},"end":{"line":42,"column":40}},"17":{"start":{"line":45,"column":4},"end":{"line":45,"column":25}},"18":{"start":{"line":49,"column":0},"end":{"line":49,"column":25}}},"fnMap":{"0":{"name":"(anonymous_1)","decl":{"start":{"line":9,"column":18},"end":{"line":9,"column":23}},"loc":{"start":{"line":14,"column":28},"end":{"line":47,"column":1}}}},"branchMap":{"0":{"loc":{"start":{"line":39,"column":4},"end":{"line":43,"column":null}},"type":"if","locations":[{"start":{"line":39,"column":4},"end":{"line":43,"column":null}},{"start":{"line":41,"column":11},"end":{"line":43,"column":null}}]}},"s":{"0":3,"1":3,"2":3,"3":3,"4":3,"5":3,"6":3,"7":2,"8":2,"9":2,"10":2,"11":2,"12":2,"13":2,"14":2,"15":1,"16":1,"17":1,"18":3},"f":{"0":2},"b":{"0":[1,1]}}
}
