TN:
SF:src/config/config.ts
FNF:0
FNH:0
DA:1,6
DA:13,6
DA:21,6
DA:29,6
LF:4
LH:4
BRDA:18,0,0,6
BRDA:18,0,1,0
BRDA:22,1,0,6
BRDA:22,1,1,6
BRDA:23,2,0,6
BRDA:23,2,1,6
BRDA:24,3,0,6
BRDA:24,3,1,6
BRDA:25,4,0,6
BRDA:25,4,1,6
BRDA:26,5,0,6
BRDA:26,5,1,6
BRDA:34,6,0,6
BRDA:34,6,1,0
BRF:14
BRH:12
end_of_record
TN:
SF:src/config/db.ts
FN:11,(anonymous_0)
FNF:1
FNH:0
FNDA:0,(anonymous_0)
DA:1,6
DA:3,6
DA:4,6
DA:5,6
DA:7,6
DA:11,6
DA:12,0
DA:13,0
DA:14,0
DA:16,0
LF:10
LH:6
BRDA:4,0,0,6
BRDA:4,0,1,0
BRDA:8,1,0,0
BRDA:8,1,1,6
BRF:4
BRH:2
end_of_record
TN:
SF:src/controllers/authController.ts
FN:4,(anonymous_1)
FN:11,(anonymous_2)
FNF:2
FNH:0
FNDA:0,(anonymous_1)
FNDA:0,(anonymous_2)
DA:2,1
DA:4,1
DA:5,0
DA:8,0
DA:11,1
DA:12,0
DA:17,0
DA:20,1
LF:8
LH:4
BRF:0
BRH:0
end_of_record
TN:
SF:src/controllers/userController.ts
FN:4,createUser
FN:31,getEmail
FN:50,checkPassword
FN:69,getUser
FNF:4
FNH:0
FNDA:0,createUser
FNDA:0,getEmail
FNDA:0,checkPassword
FNDA:0,getUser
DA:1,2
DA:2,2
DA:5,0
DA:7,0
DA:8,0
DA:14,0
DA:15,0
DA:17,0
DA:23,0
DA:26,0
DA:27,0
DA:32,0
DA:33,0
DA:39,0
DA:40,0
DA:42,0
DA:45,0
DA:46,0
DA:51,0
DA:52,0
DA:58,0
DA:59,0
DA:61,0
DA:64,0
DA:65,0
DA:70,0
DA:71,0
DA:77,0
DA:78,0
DA:83,0
DA:90,0
DA:91,0
DA:98,2
LF:33
LH:3
BRDA:14,0,0,0
BRDA:14,0,1,0
BRDA:39,1,0,0
BRDA:39,1,1,0
BRDA:58,2,0,0
BRDA:58,2,1,0
BRDA:77,3,0,0
BRDA:77,3,1,0
BRF:8
BRH:0
end_of_record
TN:
SF:src/models/Tokens.ts
FN:48,(anonymous_0)
FN:51,(anonymous_1)
FNF:2
FNH:0
FNDA:0,(anonymous_0)
FNDA:0,(anonymous_1)
DA:1,3
DA:2,3
DA:18,3
DA:46,3
DA:47,0
DA:49,0
DA:52,0
DA:56,3
LF:8
LH:5
BRDA:46,0,0,0
BRF:1
BRH:0
end_of_record
TN:
SF:src/models/Users.ts
FN:24,(anonymous_1)
FN:57,(anonymous_2)
FN:63,(anonymous_3)
FN:78,(anonymous_4)
FN:81,(anonymous_5)
FN:87,(anonymous_6)
FNF:6
FNH:0
FNDA:0,(anonymous_1)
FNDA:0,(anonymous_2)
FNDA:0,(anonymous_3)
FNDA:0,(anonymous_4)
FNDA:0,(anonymous_5)
FNDA:0,(anonymous_6)
DA:1,4
DA:2,4
DA:3,4
DA:25,0
DA:58,0
DA:59,0
DA:60,0
DA:64,0
DA:65,0
DA:66,0
DA:76,0
DA:77,0
DA:79,0
DA:82,0
DA:88,0
DA:92,4
LF:16
LH:4
BRDA:58,0,0,0
BRDA:64,1,0,0
BRDA:76,2,0,0
BRF:3
BRH:0
end_of_record
TN:
SF:src/routers/loginRouter.ts
FN:7,(anonymous_1)
FNF:1
FNH:1
FNDA:3,(anonymous_1)
DA:1,1
DA:2,1
DA:4,1
DA:7,1
DA:8,3
DA:10,3
DA:12,3
DA:13,2
DA:18,2
DA:19,1
DA:24,1
DA:30,1
DA:36,1
LF:13
LH:13
BRDA:12,0,0,2
BRDA:12,0,1,1
BRDA:18,1,0,1
BRDA:18,1,1,1
BRF:4
BRH:4
end_of_record
TN:
SF:src/routers/requestPasswordRouter.ts
FN:10,(anonymous_1)
FN:19,(anonymous_2)
FNF:2
FNH:2
FNDA:2,(anonymous_1)
FNDA:2,(anonymous_2)
DA:1,1
DA:2,1
DA:7,1
DA:8,1
DA:10,1
DA:11,2
DA:12,2
DA:13,1
DA:15,1
DA:19,1
DA:20,2
DA:21,2
DA:22,1
DA:24,1
DA:28,1
LF:15
LH:15
BRF:0
BRH:0
end_of_record
TN:
SF:src/routers/signupRouter.ts
FN:7,(anonymous_1)
FNF:1
FNH:1
FNDA:2,(anonymous_1)
DA:1,1
DA:2,1
DA:4,1
DA:7,1
DA:8,2
DA:10,2
DA:12,2
DA:15,1
LF:8
LH:8
BRF:0
BRH:0
end_of_record
TN:
SF:src/services/authService.ts
FN:7,resetPassword
FN:45,requestPasswordReset
FNF:2
FNH:2
FNDA:3,resetPassword
FNDA:2,requestPasswordReset
DA:1,2
DA:2,2
DA:3,2
DA:4,2
DA:5,2
DA:8,3
DA:10,3
DA:11,1
DA:14,2
DA:16,2
DA:17,1
DA:20,1
DA:26,1
DA:27,1
DA:29,1
DA:30,1
DA:37,0
DA:40,1
DA:42,1
DA:46,2
DA:52,2
DA:53,1
DA:56,1
DA:62,1
DA:63,1
DA:70,1
DA:72,1
DA:74,1
DA:76,1
DA:78,1
DA:84,1
DA:87,1
DA:91,1
DA:93,1
DA:94,1
DA:101,0
DA:105,1
DA:108,2
LF:38
LH:36
BRDA:10,0,0,1
BRDA:16,1,0,1
BRDA:27,2,0,0
BRDA:27,2,1,1
BRDA:27,3,0,1
BRDA:27,3,1,1
BRDA:33,4,0,0
BRDA:33,4,1,1
BRDA:33,5,0,1
BRDA:33,5,1,1
BRDA:52,6,0,1
BRDA:62,7,0,1
BRDA:84,8,0,1
BRDA:84,8,1,0
BRDA:87,9,0,0
BRDA:87,9,1,1
BRF:16
BRH:12
end_of_record
TN:
SF:src/utils/resetToken.ts
FN:3,(anonymous_1)
FN:16,(anonymous_2)
FNF:2
FNH:2
FNDA:3,(anonymous_1)
FNDA:1,(anonymous_2)
DA:1,1
DA:3,1
DA:5,3
DA:6,3
DA:8,3
DA:9,80
DA:10,80
DA:13,3
DA:16,1
DA:17,1
DA:18,1
DA:20,1
DA:26,1
LF:13
LH:13
BRDA:3,0,0,2
BRF:1
BRH:1
end_of_record
TN:
SF:src/utils/emails/sendEmail.ts
FN:9,(anonymous_1)
FNF:1
FNH:1
FNDA:2,(anonymous_1)
DA:1,3
DA:2,3
DA:3,3
DA:4,3
DA:5,3
DA:7,3
DA:9,3
DA:15,2
DA:16,2
DA:24,2
DA:25,2
DA:27,2
DA:29,2
DA:37,2
DA:39,2
DA:40,1
DA:42,1
DA:45,1
DA:49,3
LF:19
LH:19
BRDA:39,0,0,1
BRDA:39,0,1,1
BRF:2
BRH:2
end_of_record
